mode: set
github.com/emirkosuta/celeritas/mailer/auth-gmail.go:23.37,27.16 3 1
github.com/emirkosuta/celeritas/mailer/auth-gmail.go:27.16,29.3 1 0
github.com/emirkosuta/celeritas/mailer/auth-gmail.go:32.2,33.16 2 1
github.com/emirkosuta/celeritas/mailer/auth-gmail.go:33.16,35.3 1 0
github.com/emirkosuta/celeritas/mailer/auth-gmail.go:36.2,37.16 2 1
github.com/emirkosuta/celeritas/mailer/auth-gmail.go:37.16,39.3 1 0
github.com/emirkosuta/celeritas/mailer/auth-gmail.go:41.2,42.16 2 1
github.com/emirkosuta/celeritas/mailer/auth-gmail.go:42.16,44.3 1 0
github.com/emirkosuta/celeritas/mailer/auth-gmail.go:46.2,46.12 1 1
github.com/emirkosuta/celeritas/mailer/auth-gmail.go:50.61,55.16 2 1
github.com/emirkosuta/celeritas/mailer/auth-gmail.go:55.16,57.17 2 0
github.com/emirkosuta/celeritas/mailer/auth-gmail.go:57.17,59.4 1 0
github.com/emirkosuta/celeritas/mailer/auth-gmail.go:60.3,61.17 2 0
github.com/emirkosuta/celeritas/mailer/auth-gmail.go:61.17,63.4 1 0
github.com/emirkosuta/celeritas/mailer/auth-gmail.go:65.2,65.54 1 1
github.com/emirkosuta/celeritas/mailer/auth-gmail.go:69.68,75.47 4 0
github.com/emirkosuta/celeritas/mailer/auth-gmail.go:75.47,77.3 1 0
github.com/emirkosuta/celeritas/mailer/auth-gmail.go:79.2,80.16 2 0
github.com/emirkosuta/celeritas/mailer/auth-gmail.go:80.16,82.3 1 0
github.com/emirkosuta/celeritas/mailer/auth-gmail.go:83.2,83.17 1 0
github.com/emirkosuta/celeritas/mailer/auth-gmail.go:87.56,89.16 2 1
github.com/emirkosuta/celeritas/mailer/auth-gmail.go:89.16,91.3 1 0
github.com/emirkosuta/celeritas/mailer/auth-gmail.go:92.2,95.16 4 1
github.com/emirkosuta/celeritas/mailer/auth-gmail.go:95.16,97.3 1 0
github.com/emirkosuta/celeritas/mailer/auth-gmail.go:99.2,99.17 1 1
github.com/emirkosuta/celeritas/mailer/auth-gmail.go:103.56,106.16 3 0
github.com/emirkosuta/celeritas/mailer/auth-gmail.go:106.16,108.3 1 0
github.com/emirkosuta/celeritas/mailer/auth-gmail.go:109.2,111.16 3 0
github.com/emirkosuta/celeritas/mailer/auth-gmail.go:111.16,113.3 1 0
github.com/emirkosuta/celeritas/mailer/auth-gmail.go:114.2,114.12 1 0
github.com/emirkosuta/celeritas/mailer/gmail-api.go:17.58,19.16 2 1
github.com/emirkosuta/celeritas/mailer/gmail-api.go:19.16,21.3 1 0
github.com/emirkosuta/celeritas/mailer/gmail-api.go:23.2,27.21 4 1
github.com/emirkosuta/celeritas/mailer/gmail-api.go:27.21,29.3 1 1
github.com/emirkosuta/celeritas/mailer/gmail-api.go:30.2,30.22 1 1
github.com/emirkosuta/celeritas/mailer/gmail-api.go:30.22,32.3 1 1
github.com/emirkosuta/celeritas/mailer/gmail-api.go:34.2,42.36 7 1
github.com/emirkosuta/celeritas/mailer/gmail-api.go:42.36,44.17 2 1
github.com/emirkosuta/celeritas/mailer/gmail-api.go:44.17,46.12 2 0
github.com/emirkosuta/celeritas/mailer/gmail-api.go:49.3,59.17 9 1
github.com/emirkosuta/celeritas/mailer/gmail-api.go:59.17,61.12 2 0
github.com/emirkosuta/celeritas/mailer/gmail-api.go:64.3,65.25 2 1
github.com/emirkosuta/celeritas/mailer/gmail-api.go:68.2,70.19 2 1
github.com/emirkosuta/celeritas/mailer/gmail-api.go:70.19,72.3 1 0
github.com/emirkosuta/celeritas/mailer/gmail-api.go:74.2,76.16 3 1
github.com/emirkosuta/celeritas/mailer/gmail-api.go:76.16,78.3 1 0
github.com/emirkosuta/celeritas/mailer/gmail-api.go:80.2,80.12 1 1
github.com/emirkosuta/celeritas/mailer/mail.go:60.32,61.6 1 1
github.com/emirkosuta/celeritas/mailer/mail.go:61.6,64.17 3 1
github.com/emirkosuta/celeritas/mailer/mail.go:64.17,66.4 1 1
github.com/emirkosuta/celeritas/mailer/mail.go:66.9,68.4 1 1
github.com/emirkosuta/celeritas/mailer/mail.go:72.40,73.101 1 1
github.com/emirkosuta/celeritas/mailer/mail.go:73.101,75.3 1 1
github.com/emirkosuta/celeritas/mailer/mail.go:76.2,76.31 1 1
github.com/emirkosuta/celeritas/mailer/mail.go:79.45,80.15 1 1
github.com/emirkosuta/celeritas/mailer/mail.go:81.54,82.36 1 0
github.com/emirkosuta/celeritas/mailer/mail.go:83.15,85.17 2 1
github.com/emirkosuta/celeritas/mailer/mail.go:85.17,87.4 1 0
github.com/emirkosuta/celeritas/mailer/mail.go:88.3,88.39 1 1
github.com/emirkosuta/celeritas/mailer/mail.go:89.10,90.108 1 1
github.com/emirkosuta/celeritas/mailer/mail.go:94.66,100.20 2 1
github.com/emirkosuta/celeritas/mailer/mail.go:100.20,102.3 1 1
github.com/emirkosuta/celeritas/mailer/mail.go:104.2,104.24 1 1
github.com/emirkosuta/celeritas/mailer/mail.go:104.24,106.3 1 1
github.com/emirkosuta/celeritas/mailer/mail.go:108.2,117.19 2 1
github.com/emirkosuta/celeritas/mailer/mail.go:118.17,119.40 1 0
github.com/emirkosuta/celeritas/mailer/mail.go:120.19,121.42 1 0
github.com/emirkosuta/celeritas/mailer/mail.go:122.18,123.41 1 0
github.com/emirkosuta/celeritas/mailer/mail.go:124.18,125.41 1 0
github.com/emirkosuta/celeritas/mailer/mail.go:126.10,127.79 1 1
github.com/emirkosuta/celeritas/mailer/mail.go:130.2,130.16 1 1
github.com/emirkosuta/celeritas/mailer/mail.go:130.16,132.3 1 1
github.com/emirkosuta/celeritas/mailer/mail.go:134.2,135.16 2 0
github.com/emirkosuta/celeritas/mailer/mail.go:135.16,137.3 1 0
github.com/emirkosuta/celeritas/mailer/mail.go:139.2,140.16 2 0
github.com/emirkosuta/celeritas/mailer/mail.go:140.16,142.3 1 0
github.com/emirkosuta/celeritas/mailer/mail.go:144.2,155.16 3 0
github.com/emirkosuta/celeritas/mailer/mail.go:155.16,157.3 1 0
github.com/emirkosuta/celeritas/mailer/mail.go:159.2,160.16 2 0
github.com/emirkosuta/celeritas/mailer/mail.go:160.16,162.3 1 0
github.com/emirkosuta/celeritas/mailer/mail.go:164.2,164.12 1 0
github.com/emirkosuta/celeritas/mailer/mail.go:167.79,168.30 1 0
github.com/emirkosuta/celeritas/mailer/mail.go:168.30,171.37 2 0
github.com/emirkosuta/celeritas/mailer/mail.go:171.37,174.18 3 0
github.com/emirkosuta/celeritas/mailer/mail.go:174.18,176.5 1 0
github.com/emirkosuta/celeritas/mailer/mail.go:178.4,181.45 4 0
github.com/emirkosuta/celeritas/mailer/mail.go:184.3,184.31 1 0
github.com/emirkosuta/celeritas/mailer/mail.go:187.2,187.12 1 0
github.com/emirkosuta/celeritas/mailer/mail.go:192.51,194.16 2 1
github.com/emirkosuta/celeritas/mailer/mail.go:194.16,196.3 1 0
github.com/emirkosuta/celeritas/mailer/mail.go:198.2,199.16 2 1
github.com/emirkosuta/celeritas/mailer/mail.go:199.16,201.3 1 0
github.com/emirkosuta/celeritas/mailer/mail.go:203.2,214.16 11 1
github.com/emirkosuta/celeritas/mailer/mail.go:214.16,216.3 1 0
github.com/emirkosuta/celeritas/mailer/mail.go:218.2,226.30 5 1
github.com/emirkosuta/celeritas/mailer/mail.go:226.30,227.37 1 1
github.com/emirkosuta/celeritas/mailer/mail.go:227.37,229.4 1 1
github.com/emirkosuta/celeritas/mailer/mail.go:232.2,233.16 2 1
github.com/emirkosuta/celeritas/mailer/mail.go:233.16,235.3 1 1
github.com/emirkosuta/celeritas/mailer/mail.go:237.2,237.12 1 1
github.com/emirkosuta/celeritas/mailer/mail.go:241.56,242.11 1 1
github.com/emirkosuta/celeritas/mailer/mail.go:243.13,244.33 1 0
github.com/emirkosuta/celeritas/mailer/mail.go:245.13,246.28 1 0
github.com/emirkosuta/celeritas/mailer/mail.go:247.14,248.29 1 1
github.com/emirkosuta/celeritas/mailer/mail.go:249.10,250.33 1 0
github.com/emirkosuta/celeritas/mailer/mail.go:255.62,259.16 3 1
github.com/emirkosuta/celeritas/mailer/mail.go:259.16,261.3 1 0
github.com/emirkosuta/celeritas/mailer/mail.go:263.2,264.65 2 1
github.com/emirkosuta/celeritas/mailer/mail.go:264.65,266.3 1 0
github.com/emirkosuta/celeritas/mailer/mail.go:268.2,270.16 3 1
github.com/emirkosuta/celeritas/mailer/mail.go:270.16,272.3 1 0
github.com/emirkosuta/celeritas/mailer/mail.go:274.2,274.30 1 1
github.com/emirkosuta/celeritas/mailer/mail.go:278.67,282.16 3 1
github.com/emirkosuta/celeritas/mailer/mail.go:282.16,284.3 1 0
github.com/emirkosuta/celeritas/mailer/mail.go:286.2,287.65 2 1
github.com/emirkosuta/celeritas/mailer/mail.go:287.65,289.3 1 0
github.com/emirkosuta/celeritas/mailer/mail.go:291.2,293.26 2 1
github.com/emirkosuta/celeritas/mailer/mail.go:297.52,305.16 3 1
github.com/emirkosuta/celeritas/mailer/mail.go:305.16,307.3 1 0
github.com/emirkosuta/celeritas/mailer/mail.go:309.2,310.16 2 1
github.com/emirkosuta/celeritas/mailer/mail.go:310.16,312.3 1 0
github.com/emirkosuta/celeritas/mailer/mail.go:314.2,314.18 1 1
