mode: set
github.com/emirkosuta/celeritas/storage/storage.go:15.83,18.2 2 1
github.com/emirkosuta/celeritas/storage/storage.go:21.65,23.2 1 1
github.com/emirkosuta/celeritas/storage/storage.go:26.60,29.2 2 0
github.com/emirkosuta/celeritas/storage/storage.go:32.65,34.2 1 0
github.com/emirkosuta/celeritas/storage/storage.go:37.52,40.2 2 0
github.com/emirkosuta/celeritas/storage/storage.go:43.50,47.2 3 1
github.com/emirkosuta/celeritas/storage/storage.go:50.65,53.2 2 0
github.com/emirkosuta/celeritas/storage/storage.go:56.50,59.2 2 1
github.com/emirkosuta/celeritas/storage/storage.go:62.50,65.16 3 1
github.com/emirkosuta/celeritas/storage/storage.go:65.16,67.3 1 0
github.com/emirkosuta/celeritas/storage/storage.go:69.2,69.32 1 1
github.com/emirkosuta/celeritas/storage/storage.go:69.32,72.17 3 1
github.com/emirkosuta/celeritas/storage/storage.go:72.17,74.4 1 0
github.com/emirkosuta/celeritas/storage/storage.go:77.2,77.12 1 1
github.com/emirkosuta/celeritas/storage/storage.go:81.54,85.52 3 1
github.com/emirkosuta/celeritas/storage/storage.go:85.52,87.17 2 1
github.com/emirkosuta/celeritas/storage/storage.go:87.17,89.4 1 0
github.com/emirkosuta/celeritas/storage/storage.go:92.2,92.36 1 1
github.com/emirkosuta/celeritas/storage/storage.go:96.54,101.16 4 1
github.com/emirkosuta/celeritas/storage/storage.go:101.16,103.3 1 0
github.com/emirkosuta/celeritas/storage/storage.go:105.2,105.18 1 1
github.com/emirkosuta/celeritas/storage/storage.go:105.18,107.3 1 1
github.com/emirkosuta/celeritas/storage/storage.go:109.2,109.37 1 0
github.com/emirkosuta/celeritas/storage/storage.go:112.57,114.16 2 1
github.com/emirkosuta/celeritas/storage/storage.go:114.16,116.3 1 0
github.com/emirkosuta/celeritas/storage/storage.go:118.2,119.16 2 1
github.com/emirkosuta/celeritas/storage/storage.go:119.16,121.3 1 0
github.com/emirkosuta/celeritas/storage/storage.go:123.2,123.32 1 1
github.com/emirkosuta/celeritas/storage/storage.go:123.32,127.20 3 1
github.com/emirkosuta/celeritas/storage/storage.go:127.20,129.18 2 0
github.com/emirkosuta/celeritas/storage/storage.go:129.18,131.5 1 0
github.com/emirkosuta/celeritas/storage/storage.go:132.9,134.18 2 1
github.com/emirkosuta/celeritas/storage/storage.go:134.18,136.5 1 0
github.com/emirkosuta/celeritas/storage/storage.go:139.2,139.12 1 1
github.com/emirkosuta/celeritas/storage/storage.go:142.58,144.16 2 1
github.com/emirkosuta/celeritas/storage/storage.go:144.16,146.3 1 0
github.com/emirkosuta/celeritas/storage/storage.go:147.2,150.16 3 1
github.com/emirkosuta/celeritas/storage/storage.go:150.16,152.3 1 0
github.com/emirkosuta/celeritas/storage/storage.go:153.2,155.53 2 1
github.com/emirkosuta/celeritas/storage/storage.go:155.53,157.3 1 0
github.com/emirkosuta/celeritas/storage/storage.go:159.2,159.23 1 1
github.com/emirkosuta/celeritas/storage/storage.go:163.73,167.16 3 0
github.com/emirkosuta/celeritas/storage/storage.go:167.16,169.3 1 0
github.com/emirkosuta/celeritas/storage/storage.go:170.2,172.44 2 0
github.com/emirkosuta/celeritas/storage/storage.go:172.44,174.3 1 0
github.com/emirkosuta/celeritas/storage/storage.go:175.2,175.12 1 0
github.com/emirkosuta/celeritas/storage/storage.go:179.51,181.2 1 0
